Standard Commons Logging discovery in action with spring-jcl: please remove commons-logging.jar from classpath in order to avoid potential conflicts

  .   ____          _            __ _ _
 /\\ / ___'_ __ _ _(_)_ __  __ _ \ \ \ \
( ( )\___ | '_ | '_| | '_ \/ _` | \ \ \ \
 \\/  ___)| |_)| | | | | || (_| |  ) ) ) )
  '  |____| .__|_| |_|_| |_\__, | / / / /
 =========|_|==============|___/=/_/_/_/
 :: Spring Boot ::                (v3.2.3)

2026-05-24T21:59:43.541+03:00  INFO 64028 --- [fitcoach] [           main] com.fitcoach.FitCoachApplication         : Starting FitCoachApplication v1.0.0 using Java 25.0.2 with PID 64028 (/Users/omarfaysal/Documents/Guider-files/fitcoach/target/fitcoach-1.0.0.jar started by omarfaysal in /Users/omarfaysal/Documents/Guider-files/fitcoach)
2026-05-24T21:59:43.542+03:00 DEBUG 64028 --- [fitcoach] [           main] com.fitcoach.FitCoachApplication         : Running with Spring Boot v3.2.3, Spring v6.1.4
2026-05-24T21:59:43.542+03:00  INFO 64028 --- [fitcoach] [           main] com.fitcoach.FitCoachApplication         : No active profile set, falling back to 1 default profile: "default"
2026-05-24T21:59:43.921+03:00  INFO 64028 --- [fitcoach] [           main] .s.d.r.c.RepositoryConfigurationDelegate : Bootstrapping Spring Data JPA repositories in DEFAULT mode.
2026-05-24T21:59:43.965+03:00  INFO 64028 --- [fitcoach] [           main] .s.d.r.c.RepositoryConfigurationDelegate : Finished Spring Data repository scanning in 40 ms. Found 26 JPA repository interfaces.
WARNING: A restricted method in java.lang.System has been called
WARNING: java.lang.System::load has been called by org.apache.tomcat.jni.Library in an unnamed module (jar:nested:/Users/omarfaysal/Documents/Guider-files/fitcoach/target/fitcoach-1.0.0.jar/!BOOT-INF/lib/tomcat-embed-core-10.1.19.jar!/)
WARNING: Use --enable-native-access=ALL-UNNAMED to avoid a warning for callers in this module
WARNING: Restricted methods will be blocked in a future release unless native access is enabled

2026-05-24T21:59:44.224+03:00  INFO 64028 --- [fitcoach] [           main] o.s.b.w.embedded.tomcat.TomcatWebServer  : Tomcat initialized with port 8080 (http)
2026-05-24T21:59:44.229+03:00  INFO 64028 --- [fitcoach] [           main] o.apache.catalina.core.StandardService   : Starting service [Tomcat]
2026-05-24T21:59:44.229+03:00  INFO 64028 --- [fitcoach] [           main] o.apache.catalina.core.StandardEngine    : Starting Servlet engine: [Apache Tomcat/10.1.19]
2026-05-24T21:59:44.241+03:00  INFO 64028 --- [fitcoach] [           main] o.a.c.c.C.[Tomcat].[localhost].[/api]    : Initializing Spring embedded WebApplicationContext
2026-05-24T21:59:44.242+03:00  INFO 64028 --- [fitcoach] [           main] w.s.c.ServletWebServerApplicationContext : Root WebApplicationContext: initialization completed in 665 ms
Standard Commons Logging discovery in action with spring-jcl: please remove commons-logging.jar from classpath in order to avoid potential conflicts
2026-05-24T21:59:44.312+03:00  INFO 64028 --- [fitcoach] [           main] o.hibernate.jpa.internal.util.LogHelper  : HHH000204: Processing PersistenceUnitInfo [name: default]
2026-05-24T21:59:44.342+03:00  INFO 64028 --- [fitcoach] [           main] org.hibernate.Version                    : HHH000412: Hibernate ORM core version 6.4.4.Final
2026-05-24T21:59:44.357+03:00  INFO 64028 --- [fitcoach] [           main] o.h.c.internal.RegionFactoryInitiator    : HHH000026: Second-level cache disabled
2026-05-24T21:59:44.466+03:00  INFO 64028 --- [fitcoach] [           main] o.s.o.j.p.SpringPersistenceUnitInfo      : No LoadTimeWeaver setup: ignoring JPA class transformer
2026-05-24T21:59:44.478+03:00  INFO 64028 --- [fitcoach] [           main] com.zaxxer.hikari.HikariDataSource       : HikariPool-1 - Starting...
2026-05-24T21:59:44.559+03:00  INFO 64028 --- [fitcoach] [           main] com.zaxxer.hikari.pool.HikariPool        : HikariPool-1 - Added connection org.postgresql.jdbc.PgConnection@4b691611
2026-05-24T21:59:44.560+03:00  INFO 64028 --- [fitcoach] [           main] com.zaxxer.hikari.HikariDataSource       : HikariPool-1 - Start completed.
2026-05-24T21:59:44.584+03:00  WARN 64028 --- [fitcoach] [           main] org.hibernate.orm.deprecation            : HHH90000025: PostgreSQLDialect does not need to be specified explicitly using 'hibernate.dialect' (remove the property setting and it will be selected by default)
2026-05-24T21:59:45.168+03:00  INFO 64028 --- [fitcoach] [           main] o.h.e.t.j.p.i.JtaPlatformInitiator       : HHH000489: No JTA platform available (set 'hibernate.transaction.jta.platform' to enable JTA platform integration)
2026-05-24T21:59:45.411+03:00  INFO 64028 --- [fitcoach] [           main] j.LocalContainerEntityManagerFactoryBean : Initialized JPA EntityManagerFactory for persistence unit 'default'
2026-05-24T21:59:45.560+03:00 DEBUG 64028 --- [fitcoach] [           main] com.fitcoach.security.JwtAuthFilter      : Filter 'jwtAuthFilter' configured for use
2026-05-24T21:59:45.704+03:00  INFO 64028 --- [fitcoach] [           main] o.s.d.j.r.query.QueryEnhancerFactory     : Hibernate is in classpath; If applicable, HQL parser will be used.
2026-05-24T21:59:46.182+03:00  INFO 64028 --- [fitcoach] [           main] com.fitcoach.service.OcrService          : Using Tesseract at /opt/homebrew/bin/tesseract (app.tesseract.path was tesseract)
2026-05-24T21:59:46.192+03:00  WARN 64028 --- [fitcoach] [           main] JpaBaseConfiguration$JpaWebConfiguration : spring.jpa.open-in-view is enabled by default. Therefore, database queries may be performed during view rendering. Explicitly configure spring.jpa.open-in-view to disable this warning
2026-05-24T21:59:46.404+03:00  INFO 64028 --- [fitcoach] [           main] o.s.b.w.embedded.tomcat.TomcatWebServer  : Tomcat started on port 8080 (http) with context path '/api'
2026-05-24T21:59:46.409+03:00  INFO 64028 --- [fitcoach] [           main] com.fitcoach.FitCoachApplication         : Started FitCoachApplication in 3.052 seconds (process running for 3.323)
2026-05-24T21:59:46.441+03:00  INFO 64028 --- [fitcoach] [           main] c.fitcoach.service.DataSeedingService    : Exercises already present — skipping startup seed.
2026-05-24T21:59:46.443+03:00  INFO 64028 --- [fitcoach] [           main] c.fitcoach.service.DataSeedingService    : Ingredients already present — skipping startup seed.
2026-05-24T22:15:44.821+03:00  WARN 64028 --- [fitcoach] [l-1 housekeeper] com.zaxxer.hikari.pool.HikariPool        : HikariPool-1 - Retrograde clock change detected (housekeeper delta=29s839ms), soft-evicting connections from pool.
2026-05-24T23:46:34.606+03:00  WARN 64028 --- [fitcoach] [l-1 housekeeper] com.zaxxer.hikari.pool.HikariPool        : HikariPool-1 - Thread starvation or clock leap detected (housekeeper delta=3m48s13ms).
2026-05-25T00:01:55.055+03:00  WARN 64028 --- [fitcoach] [l-1 housekeeper] com.zaxxer.hikari.pool.HikariPool        : HikariPool-1 - Thread starvation or clock leap detected (housekeeper delta=14m50s406ms).
2026-05-25T00:17:26.777+03:00  WARN 64028 --- [fitcoach] [l-1 housekeeper] com.zaxxer.hikari.pool.HikariPool        : HikariPool-1 - Thread starvation or clock leap detected (housekeeper delta=15m31s720ms).
2026-05-25T00:35:00.708+03:00  WARN 64028 --- [fitcoach] [l-1 housekeeper] com.zaxxer.hikari.pool.HikariPool        : HikariPool-1 - Thread starvation or clock leap detected (housekeeper delta=15m33s337ms).
2026-05-25T00:51:02.435+03:00  WARN 64028 --- [fitcoach] [l-1 housekeeper] com.zaxxer.hikari.pool.HikariPool        : HikariPool-1 - Thread starvation or clock leap detected (housekeeper delta=15m31s693ms).
2026-05-25T01:06:33.746+03:00  WARN 64028 --- [fitcoach] [l-1 housekeeper] com.zaxxer.hikari.pool.HikariPool        : HikariPool-1 - Thread starvation or clock leap detected (housekeeper delta=15m31s313ms).
2026-05-25T01:07:50.130+03:00  WARN 64028 --- [fitcoach] [l-1 housekeeper] com.zaxxer.hikari.pool.HikariPool        : HikariPool-1 - Thread starvation or clock leap detected (housekeeper delta=46s371ms).
2026-05-25T01:25:59.518+03:00  WARN 64028 --- [fitcoach] [l-1 housekeeper] com.zaxxer.hikari.pool.HikariPool        : HikariPool-1 - Thread starvation or clock leap detected (housekeeper delta=15m31s428ms).
2026-05-25T01:43:16.147+03:00  WARN 64028 --- [fitcoach] [l-1 housekeeper] com.zaxxer.hikari.pool.HikariPool        : HikariPool-1 - Thread starvation or clock leap detected (housekeeper delta=16m46s557ms).
2026-05-25T01:45:27.300+03:00  WARN 64028 --- [fitcoach] [l-1 housekeeper] com.zaxxer.hikari.pool.HikariPool        : HikariPool-1 - Thread starvation or clock leap detected (housekeeper delta=2m11s153ms).
2026-05-25T02:35:32.518+03:00  WARN 64028 --- [fitcoach] [l-1 housekeeper] com.zaxxer.hikari.pool.HikariPool        : HikariPool-1 - Thread starvation or clock leap detected (housekeeper delta=49m35s202ms).
2026-05-25T02:44:16.648+03:00  WARN 64028 --- [fitcoach] [l-1 housekeeper] com.zaxxer.hikari.pool.HikariPool        : HikariPool-1 - Thread starvation or clock leap detected (housekeeper delta=8m14s113ms).
2026-05-25T02:57:14.471+03:00  WARN 64028 --- [fitcoach] [l-1 housekeeper] com.zaxxer.hikari.pool.HikariPool        : HikariPool-1 - Thread starvation or clock leap detected (housekeeper delta=12m27s798ms).
2026-05-25T03:45:14.855+03:00  WARN 64028 --- [fitcoach] [l-1 housekeeper] com.zaxxer.hikari.pool.HikariPool        : HikariPool-1 - Thread starvation or clock leap detected (housekeeper delta=46m59s488ms).
2026-05-25T03:48:26.514+03:00  WARN 64028 --- [fitcoach] [l-1 housekeeper] com.zaxxer.hikari.pool.HikariPool        : HikariPool-1 - Thread starvation or clock leap detected (housekeeper delta=2m41s631ms).
2026-05-25T04:21:48.383+03:00  WARN 64028 --- [fitcoach] [l-1 housekeeper] com.zaxxer.hikari.pool.HikariPool        : HikariPool-1 - Thread starvation or clock leap detected (housekeeper delta=33m21s869ms).
2026-05-25T04:46:24.599+03:00  WARN 64028 --- [fitcoach] [l-1 housekeeper] com.zaxxer.hikari.pool.HikariPool        : HikariPool-1 - Thread starvation or clock leap detected (housekeeper delta=24m36s214ms).
2026-05-25T05:04:13.621+03:00  WARN 64028 --- [fitcoach] [l-1 housekeeper] com.zaxxer.hikari.pool.HikariPool        : HikariPool-1 - Thread starvation or clock leap detected (housekeeper delta=17m49s24ms).
2026-05-25T05:18:59.072+03:00  WARN 64028 --- [fitcoach] [l-1 housekeeper] com.zaxxer.hikari.pool.HikariPool        : HikariPool-1 - Thread starvation or clock leap detected (housekeeper delta=14m45s450ms).
2026-05-25T05:47:09.843+03:00  WARN 64028 --- [fitcoach] [l-1 housekeeper] com.zaxxer.hikari.pool.HikariPool        : HikariPool-1 - Thread starvation or clock leap detected (housekeeper delta=28m10s773ms).
2026-05-25T06:48:06.787+03:00  WARN 64028 --- [fitcoach] [l-1 housekeeper] com.zaxxer.hikari.pool.HikariPool        : HikariPool-1 - Thread starvation or clock leap detected (housekeeper delta=1h26s918ms).
2026-05-25T07:42:53.687+03:00  WARN 64028 --- [fitcoach] [l-1 housekeeper] com.zaxxer.hikari.pool.HikariPool        : HikariPool-1 - Thread starvation or clock leap detected (housekeeper delta=54m16s781ms).
2026-05-25T07:49:16.614+03:00  WARN 64028 --- [fitcoach] [l-1 housekeeper] com.zaxxer.hikari.pool.HikariPool        : HikariPool-1 - Thread starvation or clock leap detected (housekeeper delta=5m52s897ms).
2026-05-25T07:57:23.187+03:00  WARN 64028 --- [fitcoach] [l-1 housekeeper] com.zaxxer.hikari.pool.HikariPool        : HikariPool-1 - Thread starvation or clock leap detected (housekeeper delta=7m36s555ms).
2026-05-25T08:00:30.573+03:00  WARN 64028 --- [fitcoach] [l-1 housekeeper] com.zaxxer.hikari.pool.HikariPool        : HikariPool-1 - Thread starvation or clock leap detected (housekeeper delta=3m7s393ms).
2026-05-25T08:14:50.662+03:00  WARN 64028 --- [fitcoach] [l-1 housekeeper] com.zaxxer.hikari.pool.HikariPool        : HikariPool-1 - Thread starvation or clock leap detected (housekeeper delta=13m50s79ms).
2026-05-25T08:30:36.410+03:00  WARN 64028 --- [fitcoach] [l-1 housekeeper] com.zaxxer.hikari.pool.HikariPool        : HikariPool-1 - Thread starvation or clock leap detected (housekeeper delta=15m45s745ms).
2026-05-25T08:39:21.302+03:00  WARN 64028 --- [fitcoach] [l-1 housekeeper] com.zaxxer.hikari.pool.HikariPool        : HikariPool-1 - Thread starvation or clock leap detected (housekeeper delta=8m44s893ms).
2026-05-25T08:49:31.146+03:00  WARN 64028 --- [fitcoach] [l-1 housekeeper] com.zaxxer.hikari.pool.HikariPool        : HikariPool-1 - Thread starvation or clock leap detected (housekeeper delta=10m9s841ms).
2026-05-25T09:00:21.021+03:00  WARN 64028 --- [fitcoach] [l-1 housekeeper] com.zaxxer.hikari.pool.HikariPool        : HikariPool-1 - Thread starvation or clock leap detected (housekeeper delta=10m19s845ms).
2026-05-25T09:17:37.312+03:00  WARN 64028 --- [fitcoach] [l-1 housekeeper] com.zaxxer.hikari.pool.HikariPool        : HikariPool-1 - Thread starvation or clock leap detected (housekeeper delta=17m16s295ms).
2026-05-25T09:28:50.783+03:00  WARN 64028 --- [fitcoach] [l-1 housekeeper] com.zaxxer.hikari.pool.HikariPool        : HikariPool-1 - Thread starvation or clock leap detected (housekeeper delta=10m43s454ms).
2026-05-25T09:30:03.295+03:00  WARN 64028 --- [fitcoach] [l-1 housekeeper] com.zaxxer.hikari.pool.HikariPool        : HikariPool-1 - Thread starvation or clock leap detected (housekeeper delta=1m12s513ms).
2026-05-25T09:45:21.965+03:00  WARN 64028 --- [fitcoach] [l-1 housekeeper] com.zaxxer.hikari.pool.HikariPool        : HikariPool-1 - Thread starvation or clock leap detected (housekeeper delta=14m48s658ms).
2026-05-25T09:50:18.857+03:00  WARN 64028 --- [fitcoach] [l-1 housekeeper] com.zaxxer.hikari.pool.HikariPool        : HikariPool-1 - Thread starvation or clock leap detected (housekeeper delta=4m56s892ms).
2026-05-25T10:10:50.585+03:00  WARN 64028 --- [fitcoach] [l-1 housekeeper] com.zaxxer.hikari.pool.HikariPool        : HikariPool-1 - Thread starvation or clock leap detected (housekeeper delta=20m1s720ms).
2026-05-25T10:13:15.681+03:00  WARN 64028 --- [fitcoach] [l-1 housekeeper] com.zaxxer.hikari.pool.HikariPool        : HikariPool-1 - Thread starvation or clock leap detected (housekeeper delta=1m55s71ms).
2026-05-25T10:17:15.644+03:00  WARN 64028 --- [fitcoach] [l-1 housekeeper] com.zaxxer.hikari.pool.HikariPool        : HikariPool-1 - Thread starvation or clock leap detected (housekeeper delta=2m59s165ms).
2026-05-25T10:18:50.549+03:00  WARN 64028 --- [fitcoach] [l-1 housekeeper] com.zaxxer.hikari.pool.HikariPool        : HikariPool-1 - Thread starvation or clock leap detected (housekeeper delta=1m4s884ms).
2026-05-25T10:22:32.156+03:00  WARN 64028 --- [fitcoach] [l-1 housekeeper] com.zaxxer.hikari.pool.HikariPool        : HikariPool-1 - Thread starvation or clock leap detected (housekeeper delta=59s298ms).
2026-05-25T10:24:19.184+03:00  WARN 64028 --- [fitcoach] [l-1 housekeeper] com.zaxxer.hikari.pool.HikariPool        : HikariPool-1 - Thread starvation or clock leap detected (housekeeper delta=1m17s6ms).
2026-05-25T10:25:05.525+03:00  WARN 64028 --- [fitcoach] [l-1 housekeeper] com.zaxxer.hikari.pool.HikariPool        : HikariPool-1 - Thread starvation or clock leap detected (housekeeper delta=46s342ms).
2026-05-25T10:31:07.312+03:00  WARN 64028 --- [fitcoach] [l-1 housekeeper] com.zaxxer.hikari.pool.HikariPool        : HikariPool-1 - Thread starvation or clock leap detected (housekeeper delta=5m31s776ms).
2026-05-25T10:41:02.825+03:00  WARN 64028 --- [fitcoach] [l-1 housekeeper] com.zaxxer.hikari.pool.HikariPool        : HikariPool-1 - Thread starvation or clock leap detected (housekeeper delta=9m55s512ms).
2026-05-25T10:47:26.992+03:00  WARN 64028 --- [fitcoach] [l-1 housekeeper] com.zaxxer.hikari.pool.HikariPool        : HikariPool-1 - Thread starvation or clock leap detected (housekeeper delta=5m54s142ms).
2026-05-25T10:51:20.810+03:00  WARN 64028 --- [fitcoach] [l-1 housekeeper] com.zaxxer.hikari.pool.HikariPool        : HikariPool-1 - Thread starvation or clock leap detected (housekeeper delta=3m53s823ms).
2026-05-25T11:08:20.760+03:00  WARN 64028 --- [fitcoach] [l-1 housekeeper] com.zaxxer.hikari.pool.HikariPool        : HikariPool-1 - Thread starvation or clock leap detected (housekeeper delta=16m29s936ms).
2026-05-25T11:10:12.707+03:00  WARN 64028 --- [fitcoach] [l-1 housekeeper] com.zaxxer.hikari.pool.HikariPool        : HikariPool-1 - Thread starvation or clock leap detected (housekeeper delta=1m21s922ms).
2026-05-25T11:16:00.020+03:00  WARN 64028 --- [fitcoach] [l-1 housekeeper] com.zaxxer.hikari.pool.HikariPool        : HikariPool-1 - Thread starvation or clock leap detected (housekeeper delta=3m57s354ms).
2026-05-25T11:55:40.838+03:00  WARN 64028 --- [fitcoach] [l-1 housekeeper] com.zaxxer.hikari.pool.HikariPool        : HikariPool-1 - Thread starvation or clock leap detected (housekeeper delta=37m14s190ms).
2026-05-25T12:52:28.662+03:00  WARN 64028 --- [fitcoach] [l-1 housekeeper] com.zaxxer.hikari.pool.HikariPool        : HikariPool-1 - Thread starvation or clock leap detected (housekeeper delta=56m17s801ms).
2026-05-25T13:09:44.621+03:00  WARN 64028 --- [fitcoach] [l-1 housekeeper] com.zaxxer.hikari.pool.HikariPool        : HikariPool-1 - Thread starvation or clock leap detected (housekeeper delta=16m45s938ms).
2026-05-25T13:13:14.508+03:00  WARN 64028 --- [fitcoach] [l-1 housekeeper] com.zaxxer.hikari.pool.HikariPool        : HikariPool-1 - Thread starvation or clock leap detected (housekeeper delta=2m59s864ms).
2026-05-25T13:14:26.102+03:00  WARN 64028 --- [fitcoach] [l-1 housekeeper] com.zaxxer.hikari.pool.HikariPool        : HikariPool-1 - Thread starvation or clock leap detected (housekeeper delta=1m11s604ms).
2026-05-25T13:30:28.148+03:00  WARN 64028 --- [fitcoach] [l-1 housekeeper] com.zaxxer.hikari.pool.HikariPool        : HikariPool-1 - Thread starvation or clock leap detected (housekeeper delta=15m32s26ms).
2026-05-25T13:35:13.200+03:00  WARN 64028 --- [fitcoach] [l-1 housekeeper] com.zaxxer.hikari.pool.HikariPool        : HikariPool-1 - Thread starvation or clock leap detected (housekeeper delta=4m45s51ms).
2026-05-25T14:40:20.173+03:00  WARN 64028 --- [fitcoach] [l-1 housekeeper] com.zaxxer.hikari.pool.HikariPool        : HikariPool-1 - Thread starvation or clock leap detected (housekeeper delta=2m5s634ms).
2026-05-25T15:10:50.578+03:00  WARN 64028 --- [fitcoach] [l-1 housekeeper] com.zaxxer.hikari.pool.HikariPool        : HikariPool-1 - Thread starvation or clock leap detected (housekeeper delta=1m30s164ms).
2026-05-25T15:56:08.755+03:00  INFO 64028 --- [fitcoach] [nio-8080-exec-1] o.a.c.c.C.[Tomcat].[localhost].[/api]    : Initializing Spring DispatcherServlet 'dispatcherServlet'
2026-05-25T15:56:08.756+03:00  INFO 64028 --- [fitcoach] [nio-8080-exec-1] o.s.web.servlet.DispatcherServlet        : Initializing Servlet 'dispatcherServlet'
2026-05-25T15:56:08.795+03:00  INFO 64028 --- [fitcoach] [nio-8080-exec-1] o.s.web.servlet.DispatcherServlet        : Completed initialization in 39 ms
2026-05-25T18:29:16.454+03:00  INFO 64028 --- [fitcoach] [ionShutdownHook] j.LocalContainerEntityManagerFactoryBean : Closing JPA EntityManagerFactory for persistence unit 'default'
2026-05-25T18:29:16.485+03:00  INFO 64028 --- [fitcoach] [ionShutdownHook] com.zaxxer.hikari.HikariDataSource       : HikariPool-1 - Shutdown initiated...
2026-05-25T18:29:16.492+03:00  INFO 64028 --- [fitcoach] [ionShutdownHook] com.zaxxer.hikari.HikariDataSource       : HikariPool-1 - Shutdown completed.
