[INFO] Scanning for projects...
[INFO] 
[INFO] -----------------------< com.fitcoach:fitcoach >------------------------
[INFO] Building FitCoach Pro API 1.0.0
[INFO]   from pom.xml
[INFO] --------------------------------[ jar ]---------------------------------
[INFO] 
[INFO] >>> spring-boot:3.2.3:run (default-cli) > test-compile @ fitcoach >>>
[INFO] 
[INFO] --- resources:3.3.1:resources (default-resources) @ fitcoach ---
[INFO] Copying 1 resource from src/main/resources to target/classes
[INFO] Copying 0 resource from src/main/resources to target/classes
[INFO] 
[INFO] --- compiler:3.13.0:compile (default-compile) @ fitcoach ---
[INFO] Nothing to compile - all classes are up to date.
[INFO] 
[INFO] --- resources:3.3.1:testResources (default-testResources) @ fitcoach ---
[INFO] skip non existing resourceDirectory /Users/omarfaysal/Documents/Guider-files/fitcoach/src/test/resources
[INFO] 
[INFO] --- compiler:3.13.0:testCompile (default-testCompile) @ fitcoach ---
[INFO] Nothing to compile - all classes are up to date.
[INFO] 
[INFO] <<< spring-boot:3.2.3:run (default-cli) < test-compile @ fitcoach <<<
[INFO] 
[INFO] 
[INFO] --- spring-boot:3.2.3:run (default-cli) @ fitcoach ---
[INFO] Attaching agents: []
Standard Commons Logging discovery in action with spring-jcl: please remove commons-logging.jar from classpath in order to avoid potential conflicts

  .   ____          _            __ _ _
 /\\ / ___'_ __ _ _(_)_ __  __ _ \ \ \ \
( ( )\___ | '_ | '_| | '_ \/ _` | \ \ \ \
 \\/  ___)| |_)| | | | | || (_| |  ) ) ) )
  '  |____| .__|_| |_|_| |_\__, | / / / /
 =========|_|==============|___/=/_/_/_/
 :: Spring Boot ::                (v3.2.3)

2026-06-23T16:10:10.378+03:00  INFO 28739 --- [fitcoach] [           main] com.fitcoach.FitCoachApplication         : Starting FitCoachApplication using Java 25.0.2 with PID 28739 (/Users/omarfaysal/Documents/Guider-files/fitcoach/target/classes started by omarfaysal in /Users/omarfaysal/Documents/Guider-files/fitcoach)
2026-06-23T16:10:10.379+03:00 DEBUG 28739 --- [fitcoach] [           main] com.fitcoach.FitCoachApplication         : Running with Spring Boot v3.2.3, Spring v6.1.4
2026-06-23T16:10:10.379+03:00  INFO 28739 --- [fitcoach] [           main] com.fitcoach.FitCoachApplication         : No active profile set, falling back to 1 default profile: "default"
2026-06-23T16:10:10.659+03:00  INFO 28739 --- [fitcoach] [           main] .s.d.r.c.RepositoryConfigurationDelegate : Bootstrapping Spring Data JPA repositories in DEFAULT mode.
2026-06-23T16:10:10.698+03:00  INFO 28739 --- [fitcoach] [           main] .s.d.r.c.RepositoryConfigurationDelegate : Finished Spring Data repository scanning in 34 ms. Found 31 JPA repository interfaces.
WARNING: A restricted method in java.lang.System has been called
WARNING: java.lang.System::load has been called by org.apache.tomcat.jni.Library in an unnamed module (file:/Users/omarfaysal/.m2/repository/org/apache/tomcat/embed/tomcat-embed-core/10.1.19/tomcat-embed-core-10.1.19.jar)
WARNING: Use --enable-native-access=ALL-UNNAMED to avoid a warning for callers in this module
WARNING: Restricted methods will be blocked in a future release unless native access is enabled

2026-06-23T16:10:10.916+03:00  INFO 28739 --- [fitcoach] [           main] o.s.b.w.embedded.tomcat.TomcatWebServer  : Tomcat initialized with port 8080 (http)
2026-06-23T16:10:10.921+03:00  INFO 28739 --- [fitcoach] [           main] o.apache.catalina.core.StandardService   : Starting service [Tomcat]
2026-06-23T16:10:10.921+03:00  INFO 28739 --- [fitcoach] [           main] o.apache.catalina.core.StandardEngine    : Starting Servlet engine: [Apache Tomcat/10.1.19]
2026-06-23T16:10:10.943+03:00  INFO 28739 --- [fitcoach] [           main] o.a.c.c.C.[Tomcat].[localhost].[/api]    : Initializing Spring embedded WebApplicationContext
2026-06-23T16:10:10.943+03:00  INFO 28739 --- [fitcoach] [           main] w.s.c.ServletWebServerApplicationContext : Root WebApplicationContext: initialization completed in 549 ms
Standard Commons Logging discovery in action with spring-jcl: please remove commons-logging.jar from classpath in order to avoid potential conflicts
2026-06-23T16:10:10.999+03:00  INFO 28739 --- [fitcoach] [           main] o.hibernate.jpa.internal.util.LogHelper  : HHH000204: Processing PersistenceUnitInfo [name: default]
2026-06-23T16:10:11.021+03:00  INFO 28739 --- [fitcoach] [           main] org.hibernate.Version                    : HHH000412: Hibernate ORM core version 6.4.4.Final
2026-06-23T16:10:11.032+03:00  INFO 28739 --- [fitcoach] [           main] o.h.c.internal.RegionFactoryInitiator    : HHH000026: Second-level cache disabled
2026-06-23T16:10:11.111+03:00  INFO 28739 --- [fitcoach] [           main] o.s.o.j.p.SpringPersistenceUnitInfo      : No LoadTimeWeaver setup: ignoring JPA class transformer
2026-06-23T16:10:11.120+03:00  INFO 28739 --- [fitcoach] [           main] com.zaxxer.hikari.HikariDataSource       : HikariPool-1 - Starting...
2026-06-23T16:10:11.182+03:00  INFO 28739 --- [fitcoach] [           main] com.zaxxer.hikari.pool.HikariPool        : HikariPool-1 - Added connection org.postgresql.jdbc.PgConnection@7eee6c13
2026-06-23T16:10:11.182+03:00  INFO 28739 --- [fitcoach] [           main] com.zaxxer.hikari.HikariDataSource       : HikariPool-1 - Start completed.
2026-06-23T16:10:11.212+03:00  WARN 28739 --- [fitcoach] [           main] org.hibernate.orm.deprecation            : HHH90000025: PostgreSQLDialect does not need to be specified explicitly using 'hibernate.dialect' (remove the property setting and it will be selected by default)
2026-06-23T16:10:11.688+03:00  INFO 28739 --- [fitcoach] [           main] o.h.e.t.j.p.i.JtaPlatformInitiator       : HHH000489: No JTA platform available (set 'hibernate.transaction.jta.platform' to enable JTA platform integration)
2026-06-23T16:10:12.034+03:00  INFO 28739 --- [fitcoach] [           main] j.LocalContainerEntityManagerFactoryBean : Initialized JPA EntityManagerFactory for persistence unit 'default'
2026-06-23T16:10:12.180+03:00  INFO 28739 --- [fitcoach] [           main] o.s.d.j.r.query.QueryEnhancerFactory     : Hibernate is in classpath; If applicable, HQL parser will be used.
2026-06-23T16:10:12.386+03:00 DEBUG 28739 --- [fitcoach] [           main] com.fitcoach.security.JwtAuthFilter      : Filter 'jwtAuthFilter' configured for use
2026-06-23T16:10:12.760+03:00  WARN 28739 --- [fitcoach] [           main] com.fitcoach.config.FirebaseConfig       : Firebase Admin SDK NOT initialized (push notifications disabled): Your default credentials were not found. To set up Application Default Credentials for your environment, see https://cloud.google.com/docs/authentication/external/set-up-adc.
2026-06-23T16:10:13.633+03:00  INFO 28739 --- [fitcoach] [           main] com.fitcoach.service.OcrService          : Using Tesseract at /opt/homebrew/bin/tesseract (app.tesseract.path was tesseract)
2026-06-23T16:10:13.653+03:00  WARN 28739 --- [fitcoach] [           main] JpaBaseConfiguration$JpaWebConfiguration : spring.jpa.open-in-view is enabled by default. Therefore, database queries may be performed during view rendering. Explicitly configure spring.jpa.open-in-view to disable this warning
2026-06-23T16:10:13.885+03:00  INFO 28739 --- [fitcoach] [           main] o.s.b.w.embedded.tomcat.TomcatWebServer  : Tomcat started on port 8080 (http) with context path '/api'
2026-06-23T16:10:13.889+03:00  INFO 28739 --- [fitcoach] [           main] com.fitcoach.FitCoachApplication         : Started FitCoachApplication in 3.632 seconds (process running for 3.766)
2026-06-23T16:10:13.944+03:00  INFO 28739 --- [fitcoach] [           main] c.fitcoach.service.DataSeedingService    : Startup: no stale video links found — skipping migration.
2026-06-23T16:10:13.946+03:00  INFO 28739 --- [fitcoach] [           main] c.fitcoach.service.DataSeedingService    : Ingredients already present — skipping startup seed.
2026-06-23T17:21:50.255+03:00  WARN 28739 --- [fitcoach] [l-1 housekeeper] com.zaxxer.hikari.pool.HikariPool        : HikariPool-1 - Thread starvation or clock leap detected (housekeeper delta=17m8s467ms).
2026-06-23T17:40:47.672+03:00  WARN 28739 --- [fitcoach] [l-1 housekeeper] com.zaxxer.hikari.pool.HikariPool        : HikariPool-1 - Thread starvation or clock leap detected (housekeeper delta=18m57s423ms).
2026-06-23T17:53:49.062+03:00  WARN 28739 --- [fitcoach] [l-1 housekeeper] com.zaxxer.hikari.pool.HikariPool        : HikariPool-1 - Thread starvation or clock leap detected (housekeeper delta=13m1s388ms).
2026-06-23T18:31:46.979+03:00  WARN 28739 --- [fitcoach] [l-1 housekeeper] com.zaxxer.hikari.pool.HikariPool        : HikariPool-1 - Thread starvation or clock leap detected (housekeeper delta=4m57s37ms).
2026-06-23T18:43:59.369+03:00  WARN 28739 --- [fitcoach] [l-1 housekeeper] com.zaxxer.hikari.pool.HikariPool        : HikariPool-1 - Thread starvation or clock leap detected (housekeeper delta=12m12s390ms).
2026-06-23T19:11:52.679+03:00  WARN 28739 --- [fitcoach] [l-1 housekeeper] com.zaxxer.hikari.pool.HikariPool        : HikariPool-1 - Thread starvation or clock leap detected (housekeeper delta=27m53s311ms).
2026-06-23T19:24:39.935+03:00  WARN 28739 --- [fitcoach] [l-1 housekeeper] com.zaxxer.hikari.pool.HikariPool        : HikariPool-1 - Thread starvation or clock leap detected (housekeeper delta=12m47s256ms).
2026-06-23T19:59:38.433+03:00  WARN 28739 --- [fitcoach] [l-1 housekeeper] com.zaxxer.hikari.pool.HikariPool        : HikariPool-1 - Thread starvation or clock leap detected (housekeeper delta=34m58s498ms).
2026-06-23T20:26:03.090+03:00  WARN 28739 --- [fitcoach] [l-1 housekeeper] com.zaxxer.hikari.pool.HikariPool        : HikariPool-1 - Thread starvation or clock leap detected (housekeeper delta=25m54s644ms).
2026-06-23T20:27:08.899+03:00  WARN 28739 --- [fitcoach] [l-1 housekeeper] com.zaxxer.hikari.pool.HikariPool        : HikariPool-1 - Thread starvation or clock leap detected (housekeeper delta=1m5s810ms).
2026-06-23T21:16:34.137+03:00  WARN 28739 --- [fitcoach] [l-1 housekeeper] com.zaxxer.hikari.pool.HikariPool        : HikariPool-1 - Thread starvation or clock leap detected (housekeeper delta=49m25s236ms).
2026-06-23T21:21:01.526+03:00  WARN 28739 --- [fitcoach] [l-1 housekeeper] com.zaxxer.hikari.pool.HikariPool        : HikariPool-1 - Thread starvation or clock leap detected (housekeeper delta=4m27s392ms).
2026-06-23T21:23:08.860+03:00  WARN 28739 --- [fitcoach] [l-1 housekeeper] com.zaxxer.hikari.pool.HikariPool        : HikariPool-1 - Thread starvation or clock leap detected (housekeeper delta=2m7s334ms).
2026-06-23T21:27:26.879+03:00  WARN 28739 --- [fitcoach] [l-1 housekeeper] com.zaxxer.hikari.pool.HikariPool        : HikariPool-1 - Thread starvation or clock leap detected (housekeeper delta=1m17s973ms).
2026-06-23T21:29:59.076+03:00  WARN 28739 --- [fitcoach] [l-1 housekeeper] com.zaxxer.hikari.pool.HikariPool        : HikariPool-1 - Thread starvation or clock leap detected (housekeeper delta=2m2s183ms).
2026-06-23T22:17:33.524+03:00  INFO 28739 --- [fitcoach] [nio-8080-exec-1] o.a.c.c.C.[Tomcat].[localhost].[/api]    : Initializing Spring DispatcherServlet 'dispatcherServlet'
2026-06-23T22:17:33.525+03:00  INFO 28739 --- [fitcoach] [nio-8080-exec-1] o.s.web.servlet.DispatcherServlet        : Initializing Servlet 'dispatcherServlet'
2026-06-23T22:17:33.545+03:00  INFO 28739 --- [fitcoach] [nio-8080-exec-1] o.s.web.servlet.DispatcherServlet        : Completed initialization in 20 ms
2026-06-23T23:19:20.889+03:00  WARN 28739 --- [fitcoach] [l-1 housekeeper] com.zaxxer.hikari.pool.HikariPool        : HikariPool-1 - Thread starvation or clock leap detected (housekeeper delta=31m6s899ms).
2026-06-23T23:34:51.821+03:00  WARN 28739 --- [fitcoach] [l-1 housekeeper] com.zaxxer.hikari.pool.HikariPool        : HikariPool-1 - Thread starvation or clock leap detected (housekeeper delta=15m30s934ms).
2026-06-23T23:37:13.380+03:00  WARN 28739 --- [fitcoach] [l-1 housekeeper] com.zaxxer.hikari.pool.HikariPool        : HikariPool-1 - Thread starvation or clock leap detected (housekeeper delta=2m21s560ms).
2026-06-23T23:39:09.607+03:00  WARN 28739 --- [fitcoach] [l-1 housekeeper] com.zaxxer.hikari.pool.HikariPool        : HikariPool-1 - Thread starvation or clock leap detected (housekeeper delta=1m56s227ms).
2026-06-23T23:55:06.404+03:00  WARN 28739 --- [fitcoach] [l-1 housekeeper] com.zaxxer.hikari.pool.HikariPool        : HikariPool-1 - Thread starvation or clock leap detected (housekeeper delta=15m56s797ms).
2026-06-24T00:28:56.352+03:00  WARN 28739 --- [fitcoach] [l-1 housekeeper] com.zaxxer.hikari.pool.HikariPool        : HikariPool-1 - Thread starvation or clock leap detected (housekeeper delta=33m49s948ms).
2026-06-24T00:46:54.622+03:00  WARN 28739 --- [fitcoach] [l-1 housekeeper] com.zaxxer.hikari.pool.HikariPool        : HikariPool-1 - Thread starvation or clock leap detected (housekeeper delta=17m58s270ms).
2026-06-24T00:49:24.103+03:00  WARN 28739 --- [fitcoach] [l-1 housekeeper] com.zaxxer.hikari.pool.HikariPool        : HikariPool-1 - Thread starvation or clock leap detected (housekeeper delta=2m29s480ms).
2026-06-24T00:51:20.522+03:00  WARN 28739 --- [fitcoach] [l-1 housekeeper] com.zaxxer.hikari.pool.HikariPool        : HikariPool-1 - Thread starvation or clock leap detected (housekeeper delta=47s786ms).
2026-06-24T00:52:06.138+03:00  WARN 28739 --- [fitcoach] [l-1 housekeeper] com.zaxxer.hikari.pool.HikariPool        : HikariPool-1 - Thread starvation or clock leap detected (housekeeper delta=45s617ms).
2026-06-24T01:08:35.304+03:00  WARN 28739 --- [fitcoach] [l-1 housekeeper] com.zaxxer.hikari.pool.HikariPool        : HikariPool-1 - Thread starvation or clock leap detected (housekeeper delta=16m29s165ms).
2026-06-24T01:12:31.589+03:00  WARN 28739 --- [fitcoach] [l-1 housekeeper] com.zaxxer.hikari.pool.HikariPool        : HikariPool-1 - Thread starvation or clock leap detected (housekeeper delta=3m56s286ms).
2026-06-24T01:17:00.851+03:00  WARN 28739 --- [fitcoach] [l-1 housekeeper] com.zaxxer.hikari.pool.HikariPool        : HikariPool-1 - Thread starvation or clock leap detected (housekeeper delta=4m29s261ms).
2026-06-24T01:19:15.641+03:00  WARN 28739 --- [fitcoach] [l-1 housekeeper] com.zaxxer.hikari.pool.HikariPool        : HikariPool-1 - Thread starvation or clock leap detected (housekeeper delta=2m14s790ms).
2026-06-24T01:36:28.393+03:00  WARN 28739 --- [fitcoach] [l-1 housekeeper] com.zaxxer.hikari.pool.HikariPool        : HikariPool-1 - Thread starvation or clock leap detected (housekeeper delta=17m12s752ms).
2026-06-24T01:50:21.343+03:00  WARN 28739 --- [fitcoach] [l-1 housekeeper] com.zaxxer.hikari.pool.HikariPool        : HikariPool-1 - Thread starvation or clock leap detected (housekeeper delta=13m52s950ms).
2026-06-24T02:23:25.325+03:00  WARN 28739 --- [fitcoach] [l-1 housekeeper] com.zaxxer.hikari.pool.HikariPool        : HikariPool-1 - Thread starvation or clock leap detected (housekeeper delta=32m3s963ms).
2026-06-24T02:49:54.374+03:00  WARN 28739 --- [fitcoach] [l-1 housekeeper] com.zaxxer.hikari.pool.HikariPool        : HikariPool-1 - Thread starvation or clock leap detected (housekeeper delta=26m29s47ms).
2026-06-24T03:07:02.097+03:00  WARN 28739 --- [fitcoach] [l-1 housekeeper] com.zaxxer.hikari.pool.HikariPool        : HikariPool-1 - Thread starvation or clock leap detected (housekeeper delta=17m7s724ms).
2026-06-24T03:13:32.566+03:00  WARN 28739 --- [fitcoach] [l-1 housekeeper] com.zaxxer.hikari.pool.HikariPool        : HikariPool-1 - Thread starvation or clock leap detected (housekeeper delta=5m30s459ms).
2026-06-24T03:14:21.875+03:00  WARN 28739 --- [fitcoach] [l-1 housekeeper] com.zaxxer.hikari.pool.HikariPool        : HikariPool-1 - Thread starvation or clock leap detected (housekeeper delta=49s310ms).
2026-06-24T03:43:09.307+03:00  WARN 28739 --- [fitcoach] [l-1 housekeeper] com.zaxxer.hikari.pool.HikariPool        : HikariPool-1 - Thread starvation or clock leap detected (housekeeper delta=28m47s433ms).
2026-06-24T03:56:43.145+03:00  WARN 28739 --- [fitcoach] [l-1 housekeeper] com.zaxxer.hikari.pool.HikariPool        : HikariPool-1 - Thread starvation or clock leap detected (housekeeper delta=13m33s836ms).
2026-06-24T04:06:38.632+03:00  WARN 28739 --- [fitcoach] [l-1 housekeeper] com.zaxxer.hikari.pool.HikariPool        : HikariPool-1 - Thread starvation or clock leap detected (housekeeper delta=9m55s486ms).
2026-06-24T04:29:18.527+03:00  WARN 28739 --- [fitcoach] [l-1 housekeeper] com.zaxxer.hikari.pool.HikariPool        : HikariPool-1 - Thread starvation or clock leap detected (housekeeper delta=22m39s897ms).
2026-06-24T04:52:17.449+03:00  WARN 28739 --- [fitcoach] [l-1 housekeeper] com.zaxxer.hikari.pool.HikariPool        : HikariPool-1 - Thread starvation or clock leap detected (housekeeper delta=21m58s919ms).
2026-06-24T05:32:56.176+03:00  WARN 28739 --- [fitcoach] [l-1 housekeeper] com.zaxxer.hikari.pool.HikariPool        : HikariPool-1 - Thread starvation or clock leap detected (housekeeper delta=40m38s723ms).
2026-06-24T06:35:18.873+03:00  WARN 28739 --- [fitcoach] [l-1 housekeeper] com.zaxxer.hikari.pool.HikariPool        : HikariPool-1 - Thread starvation or clock leap detected (housekeeper delta=1h52s675ms).
2026-06-24T06:53:57.201+03:00  WARN 28739 --- [fitcoach] [l-1 housekeeper] com.zaxxer.hikari.pool.HikariPool        : HikariPool-1 - Thread starvation or clock leap detected (housekeeper delta=17m38s308ms).
2026-06-24T07:35:06.192+03:00  WARN 28739 --- [fitcoach] [l-1 housekeeper] com.zaxxer.hikari.pool.HikariPool        : HikariPool-1 - Thread starvation or clock leap detected (housekeeper delta=41m8s993ms).
2026-06-24T07:52:03.917+03:00  WARN 28739 --- [fitcoach] [l-1 housekeeper] com.zaxxer.hikari.pool.HikariPool        : HikariPool-1 - Thread starvation or clock leap detected (housekeeper delta=16m57s722ms).
2026-06-24T08:45:33.679+03:00  WARN 28739 --- [fitcoach] [l-1 housekeeper] com.zaxxer.hikari.pool.HikariPool        : HikariPool-1 - Thread starvation or clock leap detected (housekeeper delta=52m29s736ms).
2026-06-24T08:56:24.362+03:00  WARN 28739 --- [fitcoach] [l-1 housekeeper] com.zaxxer.hikari.pool.HikariPool        : HikariPool-1 - Thread starvation or clock leap detected (housekeeper delta=10m50s684ms).
2026-06-24T09:23:15.305+03:00  WARN 28739 --- [fitcoach] [l-1 housekeeper] com.zaxxer.hikari.pool.HikariPool        : HikariPool-1 - Thread starvation or clock leap detected (housekeeper delta=25m50s915ms).
2026-06-24T10:06:44.551+03:00  WARN 28739 --- [fitcoach] [l-1 housekeeper] com.zaxxer.hikari.pool.HikariPool        : HikariPool-1 - Thread starvation or clock leap detected (housekeeper delta=43m29s245ms).
2026-06-24T10:09:41.660+03:00  WARN 28739 --- [fitcoach] [l-1 housekeeper] com.zaxxer.hikari.pool.HikariPool        : HikariPool-1 - Thread starvation or clock leap detected (housekeeper delta=1m57s99ms).
2026-06-24T10:11:55.034+03:00  WARN 28739 --- [fitcoach] [l-1 housekeeper] com.zaxxer.hikari.pool.HikariPool        : HikariPool-1 - Thread starvation or clock leap detected (housekeeper delta=2m13s374ms).
2026-06-24T10:13:29.336+03:00  WARN 28739 --- [fitcoach] [l-1 housekeeper] com.zaxxer.hikari.pool.HikariPool        : HikariPool-1 - Thread starvation or clock leap detected (housekeeper delta=50s988ms).
2026-06-24T10:14:58.823+03:00  WARN 28739 --- [fitcoach] [l-1 housekeeper] com.zaxxer.hikari.pool.HikariPool        : HikariPool-1 - Thread starvation or clock leap detected (housekeeper delta=1m29s487ms).
2026-06-24T10:15:58.807+03:00  WARN 28739 --- [fitcoach] [l-1 housekeeper] com.zaxxer.hikari.pool.HikariPool        : HikariPool-1 - Thread starvation or clock leap detected (housekeeper delta=59s982ms).
2026-06-24T10:18:03.111+03:00  WARN 28739 --- [fitcoach] [l-1 housekeeper] com.zaxxer.hikari.pool.HikariPool        : HikariPool-1 - Thread starvation or clock leap detected (housekeeper delta=2m4s307ms).
2026-06-24T10:21:48.696+03:00  WARN 28739 --- [fitcoach] [l-1 housekeeper] com.zaxxer.hikari.pool.HikariPool        : HikariPool-1 - Thread starvation or clock leap detected (housekeeper delta=3m45s584ms).
2026-06-24T10:28:49.623+03:00  WARN 28739 --- [fitcoach] [l-1 housekeeper] com.zaxxer.hikari.pool.HikariPool        : HikariPool-1 - Thread starvation or clock leap detected (housekeeper delta=7m927ms).
2026-06-24T10:48:45.775+03:00  WARN 28739 --- [fitcoach] [l-1 housekeeper] com.zaxxer.hikari.pool.HikariPool        : HikariPool-1 - Thread starvation or clock leap detected (housekeeper delta=19m56s149ms).
2026-06-24T10:49:54.223+03:00  WARN 28739 --- [fitcoach] [l-1 housekeeper] com.zaxxer.hikari.pool.HikariPool        : HikariPool-1 - Thread starvation or clock leap detected (housekeeper delta=1m8s451ms).
2026-06-24T10:50:47.970+03:00  WARN 28739 --- [fitcoach] [l-1 housekeeper] com.zaxxer.hikari.pool.HikariPool        : HikariPool-1 - Thread starvation or clock leap detected (housekeeper delta=53s747ms).
2026-06-24T10:51:44.091+03:00  WARN 28739 --- [fitcoach] [l-1 housekeeper] com.zaxxer.hikari.pool.HikariPool        : HikariPool-1 - Thread starvation or clock leap detected (housekeeper delta=56s121ms).
2026-06-24T11:05:50.827+03:00  WARN 28739 --- [fitcoach] [l-1 housekeeper] com.zaxxer.hikari.pool.HikariPool        : HikariPool-1 - Thread starvation or clock leap detected (housekeeper delta=14m6s735ms).
2026-06-24T11:14:57.002+03:00  WARN 28739 --- [fitcoach] [l-1 housekeeper] com.zaxxer.hikari.pool.HikariPool        : HikariPool-1 - Thread starvation or clock leap detected (housekeeper delta=9m6s175ms).
2026-06-24T12:15:15.852+03:00  WARN 28739 --- [fitcoach] [l-1 housekeeper] com.zaxxer.hikari.pool.HikariPool        : HikariPool-1 - Thread starvation or clock leap detected (housekeeper delta=1h18s850ms).
2026-06-24T12:31:16.777+03:00  WARN 28739 --- [fitcoach] [l-1 housekeeper] com.zaxxer.hikari.pool.HikariPool        : HikariPool-1 - Thread starvation or clock leap detected (housekeeper delta=15m31s2ms).
2026-06-24T12:47:18.677+03:00  WARN 28739 --- [fitcoach] [l-1 housekeeper] com.zaxxer.hikari.pool.HikariPool        : HikariPool-1 - Thread starvation or clock leap detected (housekeeper delta=16m1s895ms).
2026-06-24T13:01:56.625+03:00  WARN 28739 --- [fitcoach] [l-1 housekeeper] com.zaxxer.hikari.pool.HikariPool        : HikariPool-1 - Thread starvation or clock leap detected (housekeeper delta=14m37s952ms).
2026-06-24T13:02:54.007+03:00  WARN 28739 --- [fitcoach] [l-1 housekeeper] com.zaxxer.hikari.pool.HikariPool        : HikariPool-1 - Thread starvation or clock leap detected (housekeeper delta=57s383ms).
2026-06-24T13:04:27.812+03:00  WARN 28739 --- [fitcoach] [l-1 housekeeper] com.zaxxer.hikari.pool.HikariPool        : HikariPool-1 - Thread starvation or clock leap detected (housekeeper delta=51s95ms).
2026-06-24T13:12:27.736+03:00  WARN 28739 --- [fitcoach] [l-1 housekeeper] com.zaxxer.hikari.pool.HikariPool        : HikariPool-1 - Thread starvation or clock leap detected (housekeeper delta=7m59s925ms).
2026-06-24T13:13:51.725+03:00  WARN 28739 --- [fitcoach] [l-1 housekeeper] com.zaxxer.hikari.pool.HikariPool        : HikariPool-1 - Thread starvation or clock leap detected (housekeeper delta=1m23s989ms).
2026-06-24T13:28:13.450+03:00  WARN 28739 --- [fitcoach] [l-1 housekeeper] com.zaxxer.hikari.pool.HikariPool        : HikariPool-1 - Thread starvation or clock leap detected (housekeeper delta=14m21s724ms).
2026-06-24T13:32:02.437+03:00  WARN 28739 --- [fitcoach] [l-1 housekeeper] com.zaxxer.hikari.pool.HikariPool        : HikariPool-1 - Thread starvation or clock leap detected (housekeeper delta=2m48s950ms).
2026-06-24T13:32:57.804+03:00  WARN 28739 --- [fitcoach] [l-1 housekeeper] com.zaxxer.hikari.pool.HikariPool        : HikariPool-1 - Thread starvation or clock leap detected (housekeeper delta=55s369ms).
2026-06-24T13:34:42.423+03:00  WARN 28739 --- [fitcoach] [l-1 housekeeper] com.zaxxer.hikari.pool.HikariPool        : HikariPool-1 - Thread starvation or clock leap detected (housekeeper delta=1m13s731ms).
2026-06-24T13:45:59.975+03:00  WARN 28739 --- [fitcoach] [l-1 housekeeper] com.zaxxer.hikari.pool.HikariPool        : HikariPool-1 - Thread starvation or clock leap detected (housekeeper delta=10m47s539ms).
2026-06-24T14:12:25.128+03:00  WARN 28739 --- [fitcoach] [l-1 housekeeper] com.zaxxer.hikari.pool.HikariPool        : HikariPool-1 - Thread starvation or clock leap detected (housekeeper delta=26m25s152ms).
2026-06-24T14:28:20.938+03:00  WARN 28739 --- [fitcoach] [l-1 housekeeper] com.zaxxer.hikari.pool.HikariPool        : HikariPool-1 - Thread starvation or clock leap detected (housekeeper delta=15m55s810ms).
2026-06-24T14:29:15.593+03:00  WARN 28739 --- [fitcoach] [l-1 housekeeper] com.zaxxer.hikari.pool.HikariPool        : HikariPool-1 - Thread starvation or clock leap detected (housekeeper delta=54s655ms).
2026-06-24T15:17:05.345+03:00  WARN 28739 --- [fitcoach] [l-1 housekeeper] com.zaxxer.hikari.pool.HikariPool        : HikariPool-1 - Thread starvation or clock leap detected (housekeeper delta=45s938ms).
2026-06-24T15:17:52.526+03:00  WARN 28739 --- [fitcoach] [l-1 housekeeper] com.zaxxer.hikari.pool.HikariPool        : HikariPool-1 - Thread starvation or clock leap detected (housekeeper delta=47s188ms).
2026-06-24T16:00:52.398+03:00  WARN 28739 --- [fitcoach] [l-1 housekeeper] com.zaxxer.hikari.pool.HikariPool        : HikariPool-1 - Thread starvation or clock leap detected (housekeeper delta=15m28s827ms).
2026-06-24T17:12:18.183+03:00  WARN 28739 --- [fitcoach] [l-1 housekeeper] com.zaxxer.hikari.pool.HikariPool        : HikariPool-1 - Thread starvation or clock leap detected (housekeeper delta=2m24s796ms).
2026-06-24T17:13:38.547+03:00  WARN 28739 --- [fitcoach] [l-1 housekeeper] com.zaxxer.hikari.pool.HikariPool        : HikariPool-1 - Thread starvation or clock leap detected (housekeeper delta=50s257ms).
2026-06-24T17:19:07.702+03:00  WARN 28739 --- [fitcoach] [l-1 housekeeper] com.zaxxer.hikari.pool.HikariPool        : HikariPool-1 - Thread starvation or clock leap detected (housekeeper delta=5m29s153ms).
2026-06-24T17:19:57.484+03:00  WARN 28739 --- [fitcoach] [l-1 housekeeper] com.zaxxer.hikari.pool.HikariPool        : HikariPool-1 - Thread starvation or clock leap detected (housekeeper delta=49s783ms).
2026-06-24T17:22:17.694+03:00  WARN 28739 --- [fitcoach] [l-1 housekeeper] com.zaxxer.hikari.pool.HikariPool        : HikariPool-1 - Thread starvation or clock leap detected (housekeeper delta=2m20s214ms).
2026-06-24T17:23:44.447+03:00  WARN 28739 --- [fitcoach] [l-1 housekeeper] com.zaxxer.hikari.pool.HikariPool        : HikariPool-1 - Thread starvation or clock leap detected (housekeeper delta=52s578ms).
2026-06-24T18:02:45.751+03:00  WARN 28739 --- [fitcoach] [l-1 housekeeper] com.zaxxer.hikari.pool.HikariPool        : HikariPool-1 - Thread starvation or clock leap detected (housekeeper delta=1m963ms).
2026-06-24T18:23:07.308+03:00  WARN 28739 --- [fitcoach] [l-1 housekeeper] com.zaxxer.hikari.pool.HikariPool        : HikariPool-1 - Thread starvation or clock leap detected (housekeeper delta=20m21s558ms).
2026-06-24T18:58:05.798+03:00  WARN 28739 --- [fitcoach] [l-1 housekeeper] com.zaxxer.hikari.pool.HikariPool        : HikariPool-1 - Thread starvation or clock leap detected (housekeeper delta=34m58s491ms).
2026-06-24T19:15:32.720+03:00  WARN 28739 --- [fitcoach] [l-1 housekeeper] com.zaxxer.hikari.pool.HikariPool        : HikariPool-1 - Thread starvation or clock leap detected (housekeeper delta=17m26s919ms).
2026-06-24T19:31:02.772+03:00  WARN 28739 --- [fitcoach] [l-1 housekeeper] com.zaxxer.hikari.pool.HikariPool        : HikariPool-1 - Thread starvation or clock leap detected (housekeeper delta=15m30s53ms).
2026-06-24T20:19:50.995+03:00  WARN 28739 --- [fitcoach] [l-1 housekeeper] com.zaxxer.hikari.pool.HikariPool        : HikariPool-1 - Thread starvation or clock leap detected (housekeeper delta=48m48s225ms).
2026-06-24T20:37:24.761+03:00  WARN 28739 --- [fitcoach] [l-1 housekeeper] com.zaxxer.hikari.pool.HikariPool        : HikariPool-1 - Thread starvation or clock leap detected (housekeeper delta=17m33s755ms).
2026-06-24T20:52:55.733+03:00  WARN 28739 --- [fitcoach] [l-1 housekeeper] com.zaxxer.hikari.pool.HikariPool        : HikariPool-1 - Thread starvation or clock leap detected (housekeeper delta=15m30s980ms).
2026-06-24T20:56:40.767+03:00  WARN 28739 --- [fitcoach] [l-1 housekeeper] com.zaxxer.hikari.pool.HikariPool        : HikariPool-1 - Thread starvation or clock leap detected (housekeeper delta=3m45s38ms).
2026-06-24T23:47:27.815+03:00  WARN 28739 --- [fitcoach] [l-1 housekeeper] com.zaxxer.hikari.pool.HikariPool        : HikariPool-1 - Thread starvation or clock leap detected (housekeeper delta=15m35s466ms).
2026-06-25T00:02:46.316+03:00  WARN 28739 --- [fitcoach] [l-1 housekeeper] com.zaxxer.hikari.pool.HikariPool        : HikariPool-1 - Thread starvation or clock leap detected (housekeeper delta=14m18s479ms).
2026-06-25T00:23:04.077+03:00  WARN 28739 --- [fitcoach] [l-1 housekeeper] com.zaxxer.hikari.pool.HikariPool        : HikariPool-1 - Thread starvation or clock leap detected (housekeeper delta=17m17s591ms).
2026-06-25T00:31:39.974+03:00  WARN 28739 --- [fitcoach] [l-1 housekeeper] com.zaxxer.hikari.pool.HikariPool        : HikariPool-1 - Thread starvation or clock leap detected (housekeeper delta=8m5s534ms).
2026-06-25T00:46:46.085+03:00  WARN 28739 --- [fitcoach] [l-1 housekeeper] com.zaxxer.hikari.pool.HikariPool        : HikariPool-1 - Thread starvation or clock leap detected (housekeeper delta=15m6s117ms).
2026-06-25T00:50:21.632+03:00  WARN 28739 --- [fitcoach] [l-1 housekeeper] com.zaxxer.hikari.pool.HikariPool        : HikariPool-1 - Thread starvation or clock leap detected (housekeeper delta=3m35s548ms).
2026-06-25T00:51:41.894+03:00  WARN 28739 --- [fitcoach] [l-1 housekeeper] com.zaxxer.hikari.pool.HikariPool        : HikariPool-1 - Thread starvation or clock leap detected (housekeeper delta=1m20s261ms).
2026-06-25T01:07:18.210+03:00  WARN 28739 --- [fitcoach] [l-1 housekeeper] com.zaxxer.hikari.pool.HikariPool        : HikariPool-1 - Thread starvation or clock leap detected (housekeeper delta=15m36s317ms).
2026-06-25T01:09:34.647+03:00  WARN 28739 --- [fitcoach] [l-1 housekeeper] com.zaxxer.hikari.pool.HikariPool        : HikariPool-1 - Thread starvation or clock leap detected (housekeeper delta=2m16s438ms).
2026-06-25T01:25:46.635+03:00  WARN 28739 --- [fitcoach] [l-1 housekeeper] com.zaxxer.hikari.pool.HikariPool        : HikariPool-1 - Thread starvation or clock leap detected (housekeeper delta=16m11s987ms).
2026-06-25T01:27:51.510+03:00  WARN 28739 --- [fitcoach] [l-1 housekeeper] com.zaxxer.hikari.pool.HikariPool        : HikariPool-1 - Thread starvation or clock leap detected (housekeeper delta=1m4s844ms).
2026-06-25T01:31:52.659+03:00  WARN 28739 --- [fitcoach] [l-1 housekeeper] com.zaxxer.hikari.pool.HikariPool        : HikariPool-1 - Thread starvation or clock leap detected (housekeeper delta=3m24s57ms).
2026-06-25T01:44:05.523+03:00  WARN 28739 --- [fitcoach] [l-1 housekeeper] com.zaxxer.hikari.pool.HikariPool        : HikariPool-1 - Thread starvation or clock leap detected (housekeeper delta=12m12s863ms).
2026-06-25T01:56:13.534+03:00  WARN 28739 --- [fitcoach] [l-1 housekeeper] com.zaxxer.hikari.pool.HikariPool        : HikariPool-1 - Thread starvation or clock leap detected (housekeeper delta=12m8s10ms).
2026-06-25T02:22:41.478+03:00  WARN 28739 --- [fitcoach] [l-1 housekeeper] com.zaxxer.hikari.pool.HikariPool        : HikariPool-1 - Thread starvation or clock leap detected (housekeeper delta=26m27s944ms).
2026-06-25T02:27:00.454+03:00  WARN 28739 --- [fitcoach] [l-1 housekeeper] com.zaxxer.hikari.pool.HikariPool        : HikariPool-1 - Thread starvation or clock leap detected (housekeeper delta=4m18s977ms).
2026-06-25T02:50:58.116+03:00  WARN 28739 --- [fitcoach] [l-1 housekeeper] com.zaxxer.hikari.pool.HikariPool        : HikariPool-1 - Thread starvation or clock leap detected (housekeeper delta=23m19s348ms).
2026-06-25T02:59:52.971+03:00  WARN 28739 --- [fitcoach] [l-1 housekeeper] com.zaxxer.hikari.pool.HikariPool        : HikariPool-1 - Thread starvation or clock leap detected (housekeeper delta=8m54s855ms).
2026-06-25T03:00:46.507+03:00  WARN 28739 --- [fitcoach] [l-1 housekeeper] com.zaxxer.hikari.pool.HikariPool        : HikariPool-1 - Thread starvation or clock leap detected (housekeeper delta=53s536ms).
2026-06-25T03:08:12.686+03:00  WARN 28739 --- [fitcoach] [l-1 housekeeper] com.zaxxer.hikari.pool.HikariPool        : HikariPool-1 - Thread starvation or clock leap detected (housekeeper delta=7m26s179ms).
2026-06-25T03:09:37.984+03:00  WARN 28739 --- [fitcoach] [l-1 housekeeper] com.zaxxer.hikari.pool.HikariPool        : HikariPool-1 - Thread starvation or clock leap detected (housekeeper delta=51s825ms).
2026-06-25T03:10:40.598+03:00  WARN 28739 --- [fitcoach] [l-1 housekeeper] com.zaxxer.hikari.pool.HikariPool        : HikariPool-1 - Thread starvation or clock leap detected (housekeeper delta=1m2s614ms).
2026-06-25T03:18:30.789+03:00  WARN 28739 --- [fitcoach] [l-1 housekeeper] com.zaxxer.hikari.pool.HikariPool        : HikariPool-1 - Thread starvation or clock leap detected (housekeeper delta=7m14s310ms).
2026-06-25T03:36:49.446+03:00  WARN 28739 --- [fitcoach] [l-1 housekeeper] com.zaxxer.hikari.pool.HikariPool        : HikariPool-1 - Thread starvation or clock leap detected (housekeeper delta=18m18s656ms).
2026-06-25T03:42:42.269+03:00  WARN 28739 --- [fitcoach] [l-1 housekeeper] com.zaxxer.hikari.pool.HikariPool        : HikariPool-1 - Thread starvation or clock leap detected (housekeeper delta=5m22s822ms).
2026-06-25T03:46:04.008+03:00  WARN 28739 --- [fitcoach] [l-1 housekeeper] com.zaxxer.hikari.pool.HikariPool        : HikariPool-1 - Thread starvation or clock leap detected (housekeeper delta=3m21s740ms).
2026-06-25T04:06:05.263+03:00  WARN 28739 --- [fitcoach] [l-1 housekeeper] com.zaxxer.hikari.pool.HikariPool        : HikariPool-1 - Thread starvation or clock leap detected (housekeeper delta=20m1s255ms).
2026-06-25T04:40:46.516+03:00  WARN 28739 --- [fitcoach] [l-1 housekeeper] com.zaxxer.hikari.pool.HikariPool        : HikariPool-1 - Thread starvation or clock leap detected (housekeeper delta=34m41s254ms).
2026-06-25T04:45:12.428+03:00  WARN 28739 --- [fitcoach] [l-1 housekeeper] com.zaxxer.hikari.pool.HikariPool        : HikariPool-1 - Thread starvation or clock leap detected (housekeeper delta=3m25s904ms).
2026-06-25T04:46:00.348+03:00  WARN 28739 --- [fitcoach] [l-1 housekeeper] com.zaxxer.hikari.pool.HikariPool        : HikariPool-1 - Thread starvation or clock leap detected (housekeeper delta=47s919ms).
2026-06-25T05:37:00.759+03:00  WARN 28739 --- [fitcoach] [l-1 housekeeper] com.zaxxer.hikari.pool.HikariPool        : HikariPool-1 - Thread starvation or clock leap detected (housekeeper delta=49m51s135ms).
2026-06-25T05:43:59.544+03:00  WARN 28739 --- [fitcoach] [l-1 housekeeper] com.zaxxer.hikari.pool.HikariPool        : HikariPool-1 - Thread starvation or clock leap detected (housekeeper delta=6m58s786ms).
2026-06-25T06:44:41.508+03:00  WARN 28739 --- [fitcoach] [l-1 housekeeper] com.zaxxer.hikari.pool.HikariPool        : HikariPool-1 - Thread starvation or clock leap detected (housekeeper delta=59m41s946ms).
2026-06-25T06:54:04.556+03:00  WARN 28739 --- [fitcoach] [l-1 housekeeper] com.zaxxer.hikari.pool.HikariPool        : HikariPool-1 - Thread starvation or clock leap detected (housekeeper delta=9m23s50ms).
2026-06-25T07:06:16.527+03:00  WARN 28739 --- [fitcoach] [l-1 housekeeper] com.zaxxer.hikari.pool.HikariPool        : HikariPool-1 - Thread starvation or clock leap detected (housekeeper delta=11m11s938ms).
2026-06-25T07:19:07.409+03:00  WARN 28739 --- [fitcoach] [l-1 housekeeper] com.zaxxer.hikari.pool.HikariPool        : HikariPool-1 - Thread starvation or clock leap detected (housekeeper delta=12m50s883ms).
2026-06-25T07:26:34.138+03:00  WARN 28739 --- [fitcoach] [l-1 housekeeper] com.zaxxer.hikari.pool.HikariPool        : HikariPool-1 - Thread starvation or clock leap detected (housekeeper delta=7m26s729ms).
2026-06-25T07:27:27.143+03:00  WARN 28739 --- [fitcoach] [l-1 housekeeper] com.zaxxer.hikari.pool.HikariPool        : HikariPool-1 - Thread starvation or clock leap detected (housekeeper delta=53s4ms).
2026-06-25T07:45:04.955+03:00  WARN 28739 --- [fitcoach] [l-1 housekeeper] com.zaxxer.hikari.pool.HikariPool        : HikariPool-1 - Thread starvation or clock leap detected (housekeeper delta=17m37s813ms).
2026-06-25T08:00:39.826+03:00  WARN 28739 --- [fitcoach] [l-1 housekeeper] com.zaxxer.hikari.pool.HikariPool        : HikariPool-1 - Thread starvation or clock leap detected (housekeeper delta=15m34s866ms).
2026-06-25T08:34:53.016+03:00  WARN 28739 --- [fitcoach] [l-1 housekeeper] com.zaxxer.hikari.pool.HikariPool        : HikariPool-1 - Thread starvation or clock leap detected (housekeeper delta=32m43s164ms).
2026-06-25T09:15:27.657+03:00  WARN 28739 --- [fitcoach] [l-1 housekeeper] com.zaxxer.hikari.pool.HikariPool        : HikariPool-1 - Thread starvation or clock leap detected (housekeeper delta=40m34s641ms).
2026-06-25T09:31:15.494+03:00  WARN 28739 --- [fitcoach] [l-1 housekeeper] com.zaxxer.hikari.pool.HikariPool        : HikariPool-1 - Thread starvation or clock leap detected (housekeeper delta=15m47s838ms).
2026-06-25T09:47:26.030+03:00  WARN 28739 --- [fitcoach] [l-1 housekeeper] com.zaxxer.hikari.pool.HikariPool        : HikariPool-1 - Thread starvation or clock leap detected (housekeeper delta=16m10s474ms).
2026-06-25T10:49:43.658+03:00  WARN 28739 --- [fitcoach] [l-1 housekeeper] com.zaxxer.hikari.pool.HikariPool        : HikariPool-1 - Thread starvation or clock leap detected (housekeeper delta=15m17s119ms).
2026-06-25T11:05:14.897+03:00  WARN 28739 --- [fitcoach] [l-1 housekeeper] com.zaxxer.hikari.pool.HikariPool        : HikariPool-1 - Thread starvation or clock leap detected (housekeeper delta=15m31s243ms).
2026-06-25T11:56:03.079+03:00  WARN 28739 --- [fitcoach] [l-1 housekeeper] com.zaxxer.hikari.pool.HikariPool        : HikariPool-1 - Thread starvation or clock leap detected (housekeeper delta=50m48s181ms).
2026-06-25T12:01:38.720+03:00  WARN 28739 --- [fitcoach] [l-1 housekeeper] com.zaxxer.hikari.pool.HikariPool        : HikariPool-1 - Thread starvation or clock leap detected (housekeeper delta=4m5s587ms).
2026-06-25T12:17:09.835+03:00  WARN 28739 --- [fitcoach] [l-1 housekeeper] com.zaxxer.hikari.pool.HikariPool        : HikariPool-1 - Thread starvation or clock leap detected (housekeeper delta=15m31s114ms).
2026-06-25T12:26:54.491+03:00  WARN 28739 --- [fitcoach] [l-1 housekeeper] com.zaxxer.hikari.pool.HikariPool        : HikariPool-1 - Thread starvation or clock leap detected (housekeeper delta=9m44s660ms).
2026-06-25T12:41:57.457+03:00  WARN 28739 --- [fitcoach] [l-1 housekeeper] com.zaxxer.hikari.pool.HikariPool        : HikariPool-1 - Thread starvation or clock leap detected (housekeeper delta=15m2s965ms).
2026-06-25T12:47:13.037+03:00  WARN 28739 --- [fitcoach] [l-1 housekeeper] com.zaxxer.hikari.pool.HikariPool        : HikariPool-1 - Thread starvation or clock leap detected (housekeeper delta=5m15s557ms).
2026-06-25T14:05:29.661+03:00  WARN 28739 --- [fitcoach] [l-1 housekeeper] com.zaxxer.hikari.pool.HikariPool        : HikariPool-1 - Thread starvation or clock leap detected (housekeeper delta=4m45s939ms).
2026-06-25T14:06:19.469+03:00  WARN 28739 --- [fitcoach] [l-1 housekeeper] com.zaxxer.hikari.pool.HikariPool        : HikariPool-1 - Thread starvation or clock leap detected (housekeeper delta=49s812ms).
2026-06-25T14:23:17.279+03:00  WARN 28739 --- [fitcoach] [l-1 housekeeper] com.zaxxer.hikari.pool.HikariPool        : HikariPool-1 - Thread starvation or clock leap detected (housekeeper delta=16m57s810ms).
2026-06-25T15:23:27.409+03:00  WARN 28739 --- [fitcoach] [l-1 housekeeper] com.zaxxer.hikari.pool.HikariPool        : HikariPool-1 - Thread starvation or clock leap detected (housekeeper delta=1h10s128ms).
2026-06-25T15:29:38.830+03:00  WARN 28739 --- [fitcoach] [l-1 housekeeper] com.zaxxer.hikari.pool.HikariPool        : HikariPool-1 - Thread starvation or clock leap detected (housekeeper delta=4m41s359ms).
2026-06-25T16:58:49.619+03:00  WARN 28739 --- [fitcoach] [l-1 housekeeper] com.zaxxer.hikari.pool.HikariPool        : HikariPool-1 - Thread starvation or clock leap detected (housekeeper delta=20m4s762ms).
2026-06-25T17:15:24.508+03:00  WARN 28739 --- [fitcoach] [l-1 housekeeper] com.zaxxer.hikari.pool.HikariPool        : HikariPool-1 - Thread starvation or clock leap detected (housekeeper delta=16m34s893ms).
2026-06-25T17:41:26.611+03:00  WARN 28739 --- [fitcoach] [l-1 housekeeper] com.zaxxer.hikari.pool.HikariPool        : HikariPool-1 - Thread starvation or clock leap detected (housekeeper delta=26m2s99ms).
2026-06-25T17:42:16.499+03:00  WARN 28739 --- [fitcoach] [l-1 housekeeper] com.zaxxer.hikari.pool.HikariPool        : HikariPool-1 - Thread starvation or clock leap detected (housekeeper delta=49s796ms).
2026-06-25T17:57:47.379+03:00  WARN 28739 --- [fitcoach] [l-1 housekeeper] com.zaxxer.hikari.pool.HikariPool        : HikariPool-1 - Thread starvation or clock leap detected (housekeeper delta=15m30s975ms).
2026-06-25T17:59:47.896+03:00  WARN 28739 --- [fitcoach] [l-1 housekeeper] com.zaxxer.hikari.pool.HikariPool        : HikariPool-1 - Thread starvation or clock leap detected (housekeeper delta=1m20s295ms).
2026-06-25T18:01:27.293+03:00  WARN 28739 --- [fitcoach] [l-1 housekeeper] com.zaxxer.hikari.pool.HikariPool        : HikariPool-1 - Thread starvation or clock leap detected (housekeeper delta=1m39s395ms).
2026-06-25T18:03:30.077+03:00  WARN 28739 --- [fitcoach] [l-1 housekeeper] com.zaxxer.hikari.pool.HikariPool        : HikariPool-1 - Thread starvation or clock leap detected (housekeeper delta=2m2s786ms).
2026-06-25T18:22:23.226+03:00  WARN 28739 --- [fitcoach] [l-1 housekeeper] com.zaxxer.hikari.pool.HikariPool        : HikariPool-1 - Thread starvation or clock leap detected (housekeeper delta=16m23s112ms).
2026-06-25T18:23:50.605+03:00  WARN 28739 --- [fitcoach] [l-1 housekeeper] com.zaxxer.hikari.pool.HikariPool        : HikariPool-1 - Thread starvation or clock leap detected (housekeeper delta=1m27s381ms).
2026-06-25T18:25:54.315+03:00  WARN 28739 --- [fitcoach] [l-1 housekeeper] com.zaxxer.hikari.pool.HikariPool        : HikariPool-1 - Thread starvation or clock leap detected (housekeeper delta=2m3s710ms).
2026-06-25T18:50:31.809+03:00  WARN 28739 --- [fitcoach] [l-1 housekeeper] com.zaxxer.hikari.pool.HikariPool        : HikariPool-1 - Thread starvation or clock leap detected (housekeeper delta=24m37s494ms).
2026-06-25T18:55:26.125+03:00  WARN 28739 --- [fitcoach] [l-1 housekeeper] com.zaxxer.hikari.pool.HikariPool        : HikariPool-1 - Thread starvation or clock leap detected (housekeeper delta=4m54s315ms).
2026-06-25T18:57:07.955+03:00  WARN 28739 --- [fitcoach] [l-1 housekeeper] com.zaxxer.hikari.pool.HikariPool        : HikariPool-1 - Thread starvation or clock leap detected (housekeeper delta=1m41s830ms).
2026-06-25T18:59:30.357+03:00  WARN 28739 --- [fitcoach] [l-1 housekeeper] com.zaxxer.hikari.pool.HikariPool        : HikariPool-1 - Thread starvation or clock leap detected (housekeeper delta=2m22s402ms).
2026-06-25T19:01:16.656+03:00  WARN 28739 --- [fitcoach] [l-1 housekeeper] com.zaxxer.hikari.pool.HikariPool        : HikariPool-1 - Thread starvation or clock leap detected (housekeeper delta=1m12s223ms).
2026-06-25T20:31:06.879+03:00  INFO 28739 --- [fitcoach] [ionShutdownHook] j.LocalContainerEntityManagerFactoryBean : Closing JPA EntityManagerFactory for persistence unit 'default'
2026-06-25T20:31:06.908+03:00  INFO 28739 --- [fitcoach] [ionShutdownHook] com.zaxxer.hikari.HikariDataSource       : HikariPool-1 - Shutdown initiated...
2026-06-25T20:31:06.911+03:00  INFO 28739 --- [fitcoach] [ionShutdownHook] com.zaxxer.hikari.HikariDataSource       : HikariPool-1 - Shutdown completed.
